-------------------------------------------------------------------------------
Test set: com.igreja.api.services.NotificacaoServiceTest
-------------------------------------------------------------------------------
Tests run: 7, Failures: 0, Errors: 2, Skipped: 0, Time elapsed: 0.462 s <<< FAILURE! -- in com.igreja.api.services.NotificacaoServiceTest
com.igreja.api.services.NotificacaoServiceTest.shouldCreateViewsNotificationForPopularArticle -- Time elapsed: 0.375 s <<< ERROR!
java.lang.NullPointerException: Cannot invoke "com.igreja.api.repositories.VistosRepository.findByArtigo(com.igreja.api.models.ArtigoModel)" because "this.vistosRepository" is null
	at com.igreja.api.services.NotificacaoService.lambda$notifyVistos$4(NotificacaoService.java:137)
	at java.base/java.lang.Iterable.forEach(Iterable.java:75)
	at com.igreja.api.services.NotificacaoService.notifyVistos(NotificacaoService.java:136)
	at com.igreja.api.services.NotificacaoServiceTest.shouldCreateViewsNotificationForPopularArticle(NotificacaoServiceTest.java:176)
	at java.base/java.lang.reflect.Method.invoke(Method.java:580)
	at java.base/java.util.ArrayList.forEach(ArrayList.java:1596)
	at java.base/java.util.ArrayList.forEach(ArrayList.java:1596)

com.igreja.api.services.NotificacaoServiceTest.shouldNotCreateViewsNotificationWhenThresholdIsNotReached -- Time elapsed: 0.005 s <<< ERROR!
java.lang.NullPointerException: Cannot invoke "com.igreja.api.repositories.VistosRepository.findByMidia(com.igreja.api.models.MidiaModel)" because "this.vistosRepository" is null
	at com.igreja.api.services.NotificacaoService.lambda$notifyVistos$5(NotificacaoService.java:147)
	at java.base/java.lang.Iterable.forEach(Iterable.java:75)
	at com.igreja.api.services.NotificacaoService.notifyVistos(NotificacaoService.java:146)
	at com.igreja.api.services.NotificacaoServiceTest.shouldNotCreateViewsNotificationWhenThresholdIsNotReached(NotificacaoServiceTest.java:198)
	at java.base/java.lang.reflect.Method.invoke(Method.java:580)
	at java.base/java.util.ArrayList.forEach(ArrayList.java:1596)
	at java.base/java.util.ArrayList.forEach(ArrayList.java:1596)

