<?xml version="1.0" encoding="UTF-8"?>
<testsuite xmlns:xsi="http://www.w3.org/2001/XMLSchema-instance" xsi:noNamespaceSchemaLocation="https://maven.apache.org/surefire/maven-surefire-plugin/xsd/surefire-test-report-3.0.xsd" version="3.0" name="com.igreja.api.services.NotificacaoServiceTest" time="0.462" tests="7" errors="2" skipped="0" failures="0">
  <properties>
[...]
</properties>
  <testcase name="shouldCreateViewsNotificationForPopularArticle" classname="com.igreja.api.services.NotificacaoServiceTest" time="0.375">
    <error message="Cannot invoke &quot;com.igreja.api.repositories.VistosRepository.findByArtigo(com.igreja.api.models.ArtigoModel)&quot; because &quot;this.vistosRepository&quot; is null" type="java.lang.NullPointerException"><![CDATA[java.lang.NullPointerException: Cannot invoke "com.igreja.api.repositories.VistosRepository.findByArtigo(com.igreja.api.models.ArtigoModel)" because "this.vistosRepository" is null
	at com.igreja.api.services.NotificacaoService.lambda$notifyVistos$4(NotificacaoService.java:137)
	at java.base/java.lang.Iterable.forEach(Iterable.java:75)
	at com.igreja.api.services.NotificacaoService.notifyVistos(NotificacaoService.java:136)
	at com.igreja.api.services.NotificacaoServiceTest.shouldCreateViewsNotificationForPopularArticle(NotificacaoServiceTest.java:176)
	at java.base/java.lang.reflect.Method.invoke(Method.java:580)
	at java.base/java.util.ArrayList.forEach(ArrayList.java:1596)
	at java.base/java.util.ArrayList.forEach(ArrayList.java:1596)
]]></error>
  </testcase>
  <testcase name="shouldNotCreateViewsNotificationWhenThresholdIsNotReached" classname="com.igreja.api.services.NotificacaoServiceTest" time="0.005">
    <error message="Cannot invoke &quot;com.igreja.api.repositories.VistosRepository.findByMidia(com.igreja.api.models.MidiaModel)&quot; because &quot;this.vistosRepository&quot; is null" type="java.lang.NullPointerException"><![CDATA[java.lang.NullPointerException: Cannot invoke "com.igreja.api.repositories.VistosRepository.findByMidia(com.igreja.api.models.MidiaModel)" because "this.vistosRepository" is null
	at com.igreja.api.services.NotificacaoService.lambda$notifyVistos$5(NotificacaoService.java:147)
	at java.base/java.lang.Iterable.forEach(Iterable.java:75)
	at com.igreja.api.services.NotificacaoService.notifyVistos(NotificacaoService.java:146)
	at com.igreja.api.services.NotificacaoServiceTest.shouldNotCreateViewsNotificationWhenThresholdIsNotReached(NotificacaoServiceTest.java:198)
	at java.base/java.lang.reflect.Method.invoke(Method.java:580)
	at java.base/java.util.ArrayList.forEach(ArrayList.java:1596)
	at java.base/java.util.ArrayList.forEach(ArrayList.java:1596)
]]></error>
  </testcase>
  <testcase name="shouldCreateReminderNotificationForUpcomingActivity" classname="com.igreja.api.services.NotificacaoServiceTest" time="0.03"/>
  <testcase name="shouldCreateLimitNotificationWhenActivityIsNearCapacity" classname="com.igreja.api.services.NotificacaoServiceTest" time="0.006"/>
  <testcase name="shouldNotCreateLimitNotificationForPastActivity" classname="com.igreja.api.services.NotificacaoServiceTest" time="0.004"/>
  <testcase name="shouldCreateGalleryNotificationForFinishedActivityWithEnoughComments" classname="com.igreja.api.services.NotificacaoServiceTest" time="0.012"/>
  <testcase name="shouldNotCreateReminderNotificationWhenOneAlreadyExists" classname="com.igreja.api.services.NotificacaoServiceTest" time="0.006"/>
</testsuite>