# JRE version: OpenJDK Runtime Environment Zulu22.30+13-CA (22.0.1+8) (build 22.0.1+8)
# Java VM: OpenJDK 64-Bit Server VM Zulu22.30+13-CA (22.0.1+8, mixed mode, sharing, tiered, compressed oops, compressed class ptrs, g1 gc, windows-amd64)
GC Precious Log:
 CardTable entry size: 512
 Card Set container configuration: InlinePtr #cards 4 size 8 Array Of Cards #cards 16 size 48 Howl #buckets 8 coarsen threshold 3686 Howl Bitmap #cards 512 size 80 coarsen threshold 460 Card regions per heap region 1 cards per card region 4096
 CPUs: 4 total, 4 available
 Memory: 8079M
 Large Page Support: Disabled
 NUMA Support: Disabled
 Compressed Oops: Enabled (Zero based)
 Heap Region Size: 2M
 Heap Min Capacity: 8M
 Heap Initial Capacity: 128M
 Heap Max Capacity: 4G
 Pre-touch: Disabled
 Parallel Workers: 4
 Concurrent Workers: 1
 Concurrent Refinement Workers: 4
 Periodic GC: Disabled
Heap:
 garbage-first heap   total reserved 4194304K, committed 90112K, used 72012K [0x0000000700000000, 0x0000000800000000)
  region size 2048K, 14 young (28672K), 1 survivors (2048K)
 Metaspace       used 93167K, committed 94208K, reserved 1179648K
  class space    used 12722K, committed 13184K, reserved 1048576K
GC Heap History (20 events):
Event: 64.862 GC heap before
{Heap before GC invocations=49 (full 0):
 garbage-first heap   total reserved 4194304K, committed 71680K, used 59614K [0x0000000700000000, 0x0000000800000000)
  region size 2048K, 10 young (20480K), 2 survivors (4096K)
 Metaspace       used 80466K, committed 81344K, reserved 1179648K
  class space    used 10866K, committed 11264K, reserved 1048576K
}
Event: 64.868 GC heap after
{Heap after GC invocations=50 (full 0):
 garbage-first heap   total reserved 4194304K, committed 71680K, used 44114K [0x0000000700000000, 0x0000000800000000)
  region size 2048K, 2 young (4096K), 2 survivors (4096K)
 Metaspace       used 80466K, committed 81344K, reserved 1179648K
  class space    used 10866K, committed 11264K, reserved 1048576K
}
Event: 66.857 GC heap before
{Heap before GC invocations=51 (full 0):
 garbage-first heap   total reserved 4194304K, committed 79872K, used 58450K [0x0000000700000000, 0x0000000800000000)
  region size 2048K, 9 young (18432K), 2 survivors (4096K)
 Metaspace       used 81766K, committed 82560K, reserved 1179648K
  class space    used 11025K, committed 11392K, reserved 1048576K
}
Event: 66.864 GC heap after
{Heap after GC invocations=52 (full 0):
 garbage-first heap   total reserved 4194304K, committed 79872K, used 45384K [0x0000000700000000, 0x0000000800000000)
  region size 2048K, 2 young (4096K), 2 survivors (4096K)
 Metaspace       used 81766K, committed 82560K, reserved 1179648K
  class space    used 11025K, committed 11392K, reserved 1048576K
}
Event: 68.271 GC heap before
{Heap before GC invocations=52 (full 0):
 garbage-first heap   total reserved 4194304K, committed 79872K, used 67912K [0x0000000700000000, 0x0000000800000000)
  region size 2048K, 13 young (26624K), 2 survivors (4096K)
 Metaspace       used 82665K, committed 83584K, reserved 1179648K
  class space    used 11189K, committed 11584K, reserved 1048576K
}
Event: 68.282 GC heap after
{Heap after GC invocations=53 (full 0):
 garbage-first heap   total reserved 4194304K, committed 79872K, used 47360K [0x0000000700000000, 0x0000000800000000)
  region size 2048K, 2 young (4096K), 2 survivors (4096K)
 Metaspace       used 82665K, committed 83584K, reserved 1179648K
  class space    used 11189K, committed 11584K, reserved 1048576K
}
Event: 70.096 GC heap before
{Heap before GC invocations=53 (full 0):
 garbage-first heap   total reserved 4194304K, committed 79872K, used 67840K [0x0000000700000000, 0x0000000800000000)
  region size 2048K, 12 young (24576K), 2 survivors (4096K)
 Metaspace       used 84146K, committed 85120K, reserved 1179648K
  class space    used 11371K, committed 11776K, reserved 1048576K
}
Event: 70.105 GC heap after
{Heap after GC invocations=54 (full 0):
 garbage-first heap   total reserved 4194304K, committed 79872K, used 48777K [0x0000000700000000, 0x0000000800000000)
  region size 2048K, 2 young (4096K), 2 survivors (4096K)
 Metaspace       used 84146K, committed 85120K, reserved 1179648K
  class space    used 11371K, committed 11776K, reserved 1048576K
}
Event: 71.184 GC heap before
{Heap before GC invocations=55 (full 0):
 garbage-first heap   total reserved 4194304K, committed 86016K, used 67209K [0x0000000700000000, 0x0000000800000000)
  region size 2048K, 11 young (22528K), 2 survivors (4096K)
 Metaspace       used 84927K, committed 85952K, reserved 1179648K
  class space    used 11494K, committed 11968K, reserved 1048576K
}
Event: 71.193 GC heap after
{Heap after GC invocations=56 (full 0):
 garbage-first heap   total reserved 4194304K, committed 86016K, used 50041K [0x0000000700000000, 0x0000000800000000)
  region size 2048K, 2 young (4096K), 2 survivors (4096K)
 Metaspace       used 84927K, committed 85952K, reserved 1179648K
  class space    used 11494K, committed 11968K, reserved 1048576K
}
Event: 73.624 GC heap before
{Heap before GC invocations=56 (full 0):
 garbage-first heap   total reserved 4194304K, committed 86016K, used 72569K [0x0000000700000000, 0x0000000800000000)
  region size 2048K, 13 young (26624K), 2 survivors (4096K)
 Metaspace       used 86791K, committed 87744K, reserved 1179648K
  class space    used 11753K, committed 12224K, reserved 1048576K
}
Event: 73.634 GC heap after
{Heap after GC invocations=57 (full 0):
 garbage-first heap   total reserved 4194304K, committed 86016K, used 50826K [0x0000000700000000, 0x0000000800000000)
  region size 2048K, 2 young (4096K), 2 survivors (4096K)
 Metaspace       used 86791K, committed 87744K, reserved 1179648K
  class space    used 11753K, committed 12224K, reserved 1048576K
}
Event: 74.404 GC heap before
{Heap before GC invocations=57 (full 0):
 garbage-first heap   total reserved 4194304K, committed 86016K, used 73354K [0x0000000700000000, 0x0000000800000000)
  region size 2048K, 13 young (26624K), 2 survivors (4096K)
 Metaspace       used 88542K, committed 89536K, reserved 1179648K
  class space    used 12155K, committed 12608K, reserved 1048576K
}
Event: 74.411 GC heap after
{Heap after GC invocations=58 (full 0):
 garbage-first heap   total reserved 4194304K, committed 86016K, used 52026K [0x0000000700000000, 0x0000000800000000)
  region size 2048K, 2 young (4096K), 2 survivors (4096K)
 Metaspace       used 88542K, committed 89536K, reserved 1179648K
  class space    used 12155K, committed 12608K, reserved 1048576K
}
Event: 91.583 GC heap before
{Heap before GC invocations=59 (full 0):
 garbage-first heap   total reserved 4194304K, committed 90112K, used 72506K [0x0000000700000000, 0x0000000800000000)
  region size 2048K, 13 young (26624K), 2 survivors (4096K)
 Metaspace       used 91592K, committed 92672K, reserved 1179648K
  class space    used 12573K, committed 13056K, reserved 1048576K
}
Event: 91.590 GC heap after
{Heap after GC invocations=60 (full 0):
 garbage-first heap   total reserved 4194304K, committed 90112K, used 53063K [0x0000000700000000, 0x0000000800000000)
  region size 2048K, 2 young (4096K), 2 survivors (4096K)
 Metaspace       used 91592K, committed 92672K, reserved 1179648K
  class space    used 12573K, committed 13056K, reserved 1048576K
}
Event: 184.600 GC heap before
{Heap before GC invocations=60 (full 0):
 garbage-first heap   total reserved 4194304K, committed 90112K, used 71495K [0x0000000700000000, 0x0000000800000000)
  region size 2048K, 12 young (24576K), 2 survivors (4096K)
 Metaspace       used 92669K, committed 93696K, reserved 1179648K
  class space    used 12684K, committed 13120K, reserved 1048576K
}
Event: 184.726 GC heap after
{Heap after GC invocations=61 (full 1):
 garbage-first heap   total reserved 4194304K, committed 90112K, used 40835K [0x0000000700000000, 0x0000000800000000)
  region size 2048K, 0 young (0K), 0 survivors (0K)
 Metaspace       used 92669K, committed 93696K, reserved 1179648K
  class space    used 12684K, committed 13120K, reserved 1048576K
}
Event: 188.992 GC heap before
{Heap before GC invocations=61 (full 1):
 garbage-first heap   total reserved 4194304K, committed 90112K, used 77699K [0x0000000700000000, 0x0000000800000000)
  region size 2048K, 18 young (36864K), 0 survivors (0K)
 Metaspace       used 92851K, committed 93888K, reserved 1179648K
  class space    used 12702K, committed 13184K, reserved 1048576K
}
Event: 188.998 GC heap after
{Heap after GC invocations=62 (full 1):
 garbage-first heap   total reserved 4194304K, committed 90112K, used 45388K [0x0000000700000000, 0x0000000800000000)
  region size 2048K, 3 young (6144K), 3 survivors (6144K)
 Metaspace       used 92851K, committed 93888K, reserved 1179648K
  class space    used 12702K, committed 13184K, reserved 1048576K
}

